ISim log file
Running: H:\Spartan3E\Basic_UART_Spartan3E\UART_tb_isim_beh.exe -intstyle ise -gui -tclbatch isim.cmd -wdb H:/Spartan3E/Basic_UART_Spartan3E/UART_tb_isim_beh.wdb 
ISim P.20131013 (signature 0x7708f090)
WARNING: A WEBPACK license was found.
WARNING: Please use Xilinx License Configuration Manager to check out a full ISim license.
WARNING: ISim will run in Lite mode. Please refer to the ISim documentation for more information on the differences between the Lite and the Full version.
This is a Lite version of ISim.
Time resolution is 1 ps
# onerror resume
# wave add /
# run 10000us
Simulator is doing circuit initialization process.
Finished circuit initialization process.
finish Tx..
Stopped at time : 50516 ns : File "H:/Spartan3E/Vivado_2024_projeler/Basic_UART/Basic_UART.srcs/sim_1/new/UART_tb.v" Line 99
ISim P.20131013 (signature 0x7708f090)
WARNING: A WEBPACK license was found.
WARNING: Please use Xilinx License Configuration Manager to check out a full ISim license.
WARNING: ISim will run in Lite mode. Please refer to the ISim documentation for more information on the differences between the Lite and the Full version.
This is a Lite version of ISim.
# run 10000us
Simulator is doing circuit initialization process.
Finished circuit initialization process.
finish Tx..
Stopped at time : 500516 ns : File "H:/Spartan3E/Vivado_2024_projeler/Basic_UART/Basic_UART.srcs/sim_1/new/UART_tb.v" Line 99
ISim P.20131013 (signature 0x7708f090)
WARNING: A WEBPACK license was found.
WARNING: Please use Xilinx License Configuration Manager to check out a full ISim license.
WARNING: ISim will run in Lite mode. Please refer to the ISim documentation for more information on the differences between the Lite and the Full version.
This is a Lite version of ISim.
# run 10000us
Simulator is doing circuit initialization process.
Finished circuit initialization process.
